2021-06-30 100010 logger INFO base_page:46 -----------find_and_clear------------
2021-06-30 100010 logger INFO base_page:17 -------------find----------------
2021-06-30 100010 logger INFO base_page:18 id
2021-06-30 100010 logger INFO base_page:19 com.csizg.security:id/et_user_phone
2021-06-30 100012 logger INFO base_page:37 -----------find_and_send_keys------------
2021-06-30 100012 logger INFO base_page:17 -------------find----------------
2021-06-30 100012 logger INFO base_page:18 id
2021-06-30 100012 logger INFO base_page:19 com.csizg.security:id/et_user_phone
2021-06-30 100014 logger INFO base_page:28 ------------find_and_click-------------
2021-06-30 100014 logger INFO base_page:17 -------------find----------------
2021-06-30 100014 logger INFO base_page:18 id
2021-06-30 100014 logger INFO base_page:19 com.csizg.security:id/et_password
2021-06-30 100015 logger INFO base_page:37 -----------find_and_send_keys------------
2021-06-30 100015 logger INFO base_page:17 -------------find----------------
2021-06-30 100015 logger INFO base_page:18 id
2021-06-30 100015 logger INFO base_page:19 com.csizg.security:id/et_password
2021-06-30 100017 logger INFO base_page:28 ------------find_and_click-------------
2021-06-30 100017 logger INFO base_page:17 -------------find----------------
2021-06-30 100017 logger INFO base_page:18 id
2021-06-30 100017 logger INFO base_page:19 com.csizg.security:id/btn_login
2021-06-30 100018 logger INFO base_page:55 -----------finds------------
2021-06-30 100041 logger INFO base_page:46 -----------find_and_clear------------
2021-06-30 100041 logger INFO base_page:17 -------------find----------------
2021-06-30 100041 logger INFO base_page:18 id
2021-06-30 100041 logger INFO base_page:19 com.csizg.security:id/et_user_phone
2021-06-30 100041 logger INFO base_page:37 -----------find_and_send_keys------------
2021-06-30 100041 logger INFO base_page:17 -------------find----------------
2021-06-30 100041 logger INFO base_page:18 id
2021-06-30 100041 logger INFO base_page:19 com.csizg.security:id/et_user_phone
2021-06-30 100042 logger INFO base_page:28 ------------find_and_click-------------
2021-06-30 100042 logger INFO base_page:17 -------------find----------------
2021-06-30 100042 logger INFO base_page:18 id
2021-06-30 100042 logger INFO base_page:19 com.csizg.security:id/et_password
2021-06-30 100043 logger INFO base_page:37 -----------find_and_send_keys------------
2021-06-30 100043 logger INFO base_page:17 -------------find----------------
2021-06-30 100043 logger INFO base_page:18 id
2021-06-30 100043 logger INFO base_page:19 com.csizg.security:id/et_password
2021-06-30 100045 logger INFO base_page:28 ------------find_and_click-------------
2021-06-30 100045 logger INFO base_page:17 -------------find----------------
2021-06-30 100045 logger INFO base_page:18 id
2021-06-30 100045 logger INFO base_page:19 com.csizg.security:id/btn_login
2021-06-30 100046 logger INFO base_page:55 -----------finds------------
2021-06-30 100109 logger INFO base_page:46 -----------find_and_clear------------
2021-06-30 100109 logger INFO base_page:17 -------------find----------------
2021-06-30 100109 logger INFO base_page:18 id
2021-06-30 100109 logger INFO base_page:19 com.csizg.security:id/et_user_phone
2021-06-30 100109 logger INFO base_page:37 -----------find_and_send_keys------------
2021-06-30 100109 logger INFO base_page:17 -------------find----------------
2021-06-30 100109 logger INFO base_page:18 id
2021-06-30 100109 logger INFO base_page:19 com.csizg.security:id/et_user_phone
2021-06-30 100111 logger INFO base_page:28 ------------find_and_click-------------
2021-06-30 100111 logger INFO base_page:17 -------------find----------------
2021-06-30 100111 logger INFO base_page:18 id
2021-06-30 100111 logger INFO base_page:19 com.csizg.security:id/et_password
2021-06-30 100111 logger INFO base_page:37 -----------find_and_send_keys------------
2021-06-30 100111 logger INFO base_page:17 -------------find----------------
2021-06-30 100111 logger INFO base_page:18 id
2021-06-30 100111 logger INFO base_page:19 com.csizg.security:id/et_password
2021-06-30 100113 logger INFO base_page:28 ------------find_and_click-------------
2021-06-30 100113 logger INFO base_page:17 -------------find----------------
2021-06-30 100113 logger INFO base_page:18 id
2021-06-30 100113 logger INFO base_page:19 com.csizg.security:id/btn_login
2021-06-30 100114 logger INFO base_page:55 -----------finds------------
2021-06-30 100137 logger INFO base_page:46 -----------find_and_clear------------
2021-06-30 100137 logger INFO base_page:17 -------------find----------------
2021-06-30 100137 logger INFO base_page:18 id
2021-06-30 100137 logger INFO base_page:19 com.csizg.security:id/et_user_phone
2021-06-30 100137 logger INFO base_page:37 -----------find_and_send_keys------------
2021-06-30 100137 logger INFO base_page:17 -------------find----------------
2021-06-30 100137 logger INFO base_page:18 id
2021-06-30 100137 logger INFO base_page:19 com.csizg.security:id/et_user_phone
2021-06-30 100138 logger INFO base_page:28 ------------find_and_click-------------
2021-06-30 100138 logger INFO base_page:17 -------------find----------------
2021-06-30 100138 logger INFO base_page:18 id
2021-06-30 100138 logger INFO base_page:19 com.csizg.security:id/et_password
2021-06-30 100139 logger INFO base_page:37 -----------find_and_send_keys------------
2021-06-30 100139 logger INFO base_page:17 -------------find----------------
2021-06-30 100139 logger INFO base_page:18 id
2021-06-30 100139 logger INFO base_page:19 com.csizg.security:id/et_password
2021-06-30 100141 logger INFO base_page:28 ------------find_and_click-------------
2021-06-30 100141 logger INFO base_page:17 -------------find----------------
2021-06-30 100141 logger INFO base_page:18 id
2021-06-30 100141 logger INFO base_page:19 com.csizg.security:id/btn_login
2021-06-30 100142 logger INFO base_page:55 -----------finds------------
2021-06-30 100200 logger INFO base_page:28 ------------find_and_click-------------
2021-06-30 100200 logger INFO base_page:17 -------------find----------------
2021-06-30 100200 logger INFO base_page:18 id
2021-06-30 100200 logger INFO base_page:19 com.csizg.security:id/rb_main_friends
2021-06-30 100224 logger INFO base_page:28 ------------find_and_click-------------
2021-06-30 100224 logger INFO base_page:17 -------------find----------------
2021-06-30 100224 logger INFO base_page:18 id
2021-06-30 100224 logger INFO base_page:19 com.csizg.security:id/rb_main_friends
2021-06-30 100225 logger INFO base_page:28 ------------find_and_click-------------
2021-06-30 100225 logger INFO base_page:17 -------------find----------------
2021-06-30 100225 logger INFO base_page:18 id
2021-06-30 100225 logger INFO base_page:19 com.csizg.security:id/iv_civ
2021-06-30 100226 logger INFO base_page:28 ------------find_and_click-------------
2021-06-30 100226 logger INFO base_page:17 -------------find----------------
2021-06-30 100226 logger INFO base_page:18 xpath
2021-06-30 100226 logger INFO base_page:19 //*[@text='吴慧']/../../../..//*[@resource-id='com.csizg.security:id/new_friend_accept']
2021-06-30 100238 logger ERROR base_page:25 Message: An element could not be located on the page using the given search parameters.
Traceback (most recent call last):
  File "C:\Users\admin\PycharmProjects\workProject\newshield\base_page\base_page.py", line 21, in find
    ele = self.driver.find_element(by, locator)
  File "c:\users\admin\pycharmprojects\workproject\venv\lib\site-packages\appium\webdriver\webdriver.py", line 283, in find_element
    return self.execute(RemoteCommand.FIND_ELEMENT, {'using': by, 'value': value})['value']
  File "c:\users\admin\pycharmprojects\workproject\venv\lib\site-packages\selenium\webdriver\remote\webdriver.py", line 321, in execute
    self.error_handler.check_response(response)
  File "c:\users\admin\pycharmprojects\workproject\venv\lib\site-packages\appium\webdriver\errorhandler.py", line 31, in check_response
    raise wde
  File "c:\users\admin\pycharmprojects\workproject\venv\lib\site-packages\appium\webdriver\errorhandler.py", line 26, in check_response
    super().check_response(response)
  File "c:\users\admin\pycharmprojects\workproject\venv\lib\site-packages\selenium\webdriver\remote\errorhandler.py", line 242, in check_response
    raise exception_class(message, screen, stacktrace)
selenium.common.exceptions.NoSuchElementException: Message: An element could not be located on the page using the given search parameters.

2021-06-30 100238 logger ERROR base_page:34 'NoneType' object has no attribute 'click'
Traceback (most recent call last):
  File "C:\Users\admin\PycharmProjects\workProject\newshield\base_page\base_page.py", line 30, in find_and_click
    ele = self.find(by, locator).click()
AttributeError: 'NoneType' object has no attribute 'click'
2021-06-30 100238 logger INFO base_page:28 ------------find_and_click-------------
2021-06-30 100238 logger INFO base_page:17 -------------find----------------
2021-06-30 100238 logger INFO base_page:18 id
2021-06-30 100238 logger INFO base_page:19 com.csizg.security:id/ok
2021-06-30 100250 logger ERROR base_page:25 Message: An element could not be located on the page using the given search parameters.
Traceback (most recent call last):
  File "C:\Users\admin\PycharmProjects\workProject\newshield\base_page\base_page.py", line 21, in find
    ele = self.driver.find_element(by, locator)
  File "c:\users\admin\pycharmprojects\workproject\venv\lib\site-packages\appium\webdriver\webdriver.py", line 283, in find_element
    return self.execute(RemoteCommand.FIND_ELEMENT, {'using': by, 'value': value})['value']
  File "c:\users\admin\pycharmprojects\workproject\venv\lib\site-packages\selenium\webdriver\remote\webdriver.py", line 321, in execute
    self.error_handler.check_response(response)
  File "c:\users\admin\pycharmprojects\workproject\venv\lib\site-packages\appium\webdriver\errorhandler.py", line 31, in check_response
    raise wde
  File "c:\users\admin\pycharmprojects\workproject\venv\lib\site-packages\appium\webdriver\errorhandler.py", line 26, in check_response
    super().check_response(response)
  File "c:\users\admin\pycharmprojects\workproject\venv\lib\site-packages\selenium\webdriver\remote\errorhandler.py", line 242, in check_response
    raise exception_class(message, screen, stacktrace)
selenium.common.exceptions.NoSuchElementException: Message: An element could not be located on the page using the given search parameters.

2021-06-30 100251 logger ERROR base_page:34 'NoneType' object has no attribute 'click'
Traceback (most recent call last):
  File "C:\Users\admin\PycharmProjects\workProject\newshield\base_page\base_page.py", line 30, in find_and_click
    ele = self.find(by, locator).click()
AttributeError: 'NoneType' object has no attribute 'click'
2021-06-30 100251 logger INFO base_page:17 -------------find----------------
2021-06-30 100251 logger INFO base_page:18 xpath
2021-06-30 100251 logger INFO base_page:19 //*[@text='吴慧']/../../../..//*[@text='已通过']
2021-06-30 100302 logger ERROR base_page:25 Message: An element could not be located on the page using the given search parameters.
Traceback (most recent call last):
  File "C:\Users\admin\PycharmProjects\workProject\newshield\base_page\base_page.py", line 21, in find
    ele = self.driver.find_element(by, locator)
  File "c:\users\admin\pycharmprojects\workproject\venv\lib\site-packages\appium\webdriver\webdriver.py", line 283, in find_element
    return self.execute(RemoteCommand.FIND_ELEMENT, {'using': by, 'value': value})['value']
  File "c:\users\admin\pycharmprojects\workproject\venv\lib\site-packages\selenium\webdriver\remote\webdriver.py", line 321, in execute
    self.error_handler.check_response(response)
  File "c:\users\admin\pycharmprojects\workproject\venv\lib\site-packages\appium\webdriver\errorhandler.py", line 31, in check_response
    raise wde
  File "c:\users\admin\pycharmprojects\workproject\venv\lib\site-packages\appium\webdriver\errorhandler.py", line 26, in check_response
    super().check_response(response)
  File "c:\users\admin\pycharmprojects\workproject\venv\lib\site-packages\selenium\webdriver\remote\errorhandler.py", line 242, in check_response
    raise exception_class(message, screen, stacktrace)
selenium.common.exceptions.NoSuchElementException: Message: An element could not be located on the page using the given search parameters.

2021-06-30 100316 logger INFO base_page:28 ------------find_and_click-------------
2021-06-30 100316 logger INFO base_page:17 -------------find----------------
2021-06-30 100316 logger INFO base_page:18 id
2021-06-30 100316 logger INFO base_page:19 com.csizg.security:id/rb_main_friends
2021-06-30 100316 logger INFO base_page:28 ------------find_and_click-------------
2021-06-30 100316 logger INFO base_page:17 -------------find----------------
2021-06-30 100316 logger INFO base_page:18 id
2021-06-30 100316 logger INFO base_page:19 com.csizg.security:id/iv_my_friends
2021-06-30 100344 logger INFO base_page:17 -------------find----------------
2021-06-30 100344 logger INFO base_page:18 xpath
2021-06-30 100344 logger INFO base_page:19 //*[contains(@text, '慧')]
2021-06-30 100347 logger INFO base_page:28 ------------find_and_click-------------
2021-06-30 100347 logger INFO base_page:17 -------------find----------------
2021-06-30 100347 logger INFO base_page:18 xpath
2021-06-30 100347 logger INFO base_page:19 //*[@text= '设置备注']
2021-06-30 100347 logger INFO base_page:28 ------------find_and_click-------------
2021-06-30 100347 logger INFO base_page:17 -------------find----------------
2021-06-30 100347 logger INFO base_page:18 id
2021-06-30 100347 logger INFO base_page:19 com.csizg.security:id/et_remark
2021-06-30 100348 logger INFO base_page:46 -----------find_and_clear------------
2021-06-30 100348 logger INFO base_page:17 -------------find----------------
2021-06-30 100348 logger INFO base_page:18 id
2021-06-30 100348 logger INFO base_page:19 com.csizg.security:id/et_remark
2021-06-30 100349 logger INFO base_page:37 -----------find_and_send_keys------------
2021-06-30 100349 logger INFO base_page:17 -------------find----------------
2021-06-30 100349 logger INFO base_page:18 id
2021-06-30 100349 logger INFO base_page:19 com.csizg.security:id/et_remark
2021-06-30 100350 logger INFO base_page:28 ------------find_and_click-------------
2021-06-30 100350 logger INFO base_page:17 -------------find----------------
2021-06-30 100350 logger INFO base_page:18 id
2021-06-30 100350 logger INFO base_page:19 com.csizg.security:id/ok
2021-06-30 100407 logger INFO base_page:17 -------------find----------------
2021-06-30 100407 logger INFO base_page:18 xpath
2021-06-30 100407 logger INFO base_page:19 //*[contains(@text, '吴慧188')]
2021-06-30 100423 logger INFO base_page:28 ------------find_and_click-------------
2021-06-30 100423 logger INFO base_page:17 -------------find----------------
2021-06-30 100423 logger INFO base_page:18 id
2021-06-30 100423 logger INFO base_page:19 com.csizg.security:id/rb_main_friends
2021-06-30 100423 logger INFO base_page:28 ------------find_and_click-------------
2021-06-30 100423 logger INFO base_page:17 -------------find----------------
2021-06-30 100423 logger INFO base_page:18 id
2021-06-30 100423 logger INFO base_page:19 com.csizg.security:id/iv_my_friends
2021-06-30 100425 logger INFO base_page:17 -------------find----------------
2021-06-30 100425 logger INFO base_page:18 xpath
2021-06-30 100425 logger INFO base_page:19 //*[contains(@text, '慧')]
2021-06-30 100429 logger INFO base_page:28 ------------find_and_click-------------
2021-06-30 100429 logger INFO base_page:17 -------------find----------------
2021-06-30 100429 logger INFO base_page:18 xpath
2021-06-30 100429 logger INFO base_page:19 //*[@text= '删除好友']
2021-06-30 100429 logger INFO base_page:28 ------------find_and_click-------------
2021-06-30 100429 logger INFO base_page:17 -------------find----------------
2021-06-30 100429 logger INFO base_page:18 id
2021-06-30 100429 logger INFO base_page:19 com.csizg.security:id/confim_update
2021-06-30 100432 logger INFO base_page:17 -------------find----------------
2021-06-30 100432 logger INFO base_page:18 xpath
2021-06-30 100432 logger INFO base_page:19 //*[contains(@text, '慧')]
2021-06-30 101300 logger INFO base_page:28 ------------find_and_click-------------
2021-06-30 101300 logger INFO base_page:17 -------------find----------------
2021-06-30 101300 logger INFO base_page:18 id
2021-06-30 101300 logger INFO base_page:19 com.csizg.security:id/rb_main_friends
2021-06-30 101303 logger INFO base_page:28 ------------find_and_click-------------
2021-06-30 101303 logger INFO base_page:17 -------------find----------------
2021-06-30 101303 logger INFO base_page:18 id
2021-06-30 101303 logger INFO base_page:19 com.csizg.security:id/iv_civ
2021-06-30 101303 logger INFO base_page:28 ------------find_and_click-------------
2021-06-30 101303 logger INFO base_page:17 -------------find----------------
2021-06-30 101303 logger INFO base_page:18 xpath
2021-06-30 101303 logger INFO base_page:19 //*[@text='吴慧']/../../../..//*[@resource-id='com.csizg.security:id/new_friend_accept']
2021-06-30 101314 logger ERROR base_page:25 Message: An element could not be located on the page using the given search parameters.
Traceback (most recent call last):
  File "C:\Users\admin\PycharmProjects\workProject\newshield\base_page\base_page.py", line 21, in find
    ele = self.driver.find_element(by, locator)
  File "C:\Users\admin\PycharmProjects\workProject\venv\lib\site-packages\appium\webdriver\webdriver.py", line 283, in find_element
    return self.execute(RemoteCommand.FIND_ELEMENT, {'using': by, 'value': value})['value']
  File "C:\Users\admin\PycharmProjects\workProject\venv\lib\site-packages\selenium\webdriver\remote\webdriver.py", line 321, in execute
    self.error_handler.check_response(response)
  File "C:\Users\admin\PycharmProjects\workProject\venv\lib\site-packages\appium\webdriver\errorhandler.py", line 31, in check_response
    raise wde
  File "C:\Users\admin\PycharmProjects\workProject\venv\lib\site-packages\appium\webdriver\errorhandler.py", line 26, in check_response
    super().check_response(response)
  File "C:\Users\admin\PycharmProjects\workProject\venv\lib\site-packages\selenium\webdriver\remote\errorhandler.py", line 242, in check_response
    raise exception_class(message, screen, stacktrace)
selenium.common.exceptions.NoSuchElementException: Message: An element could not be located on the page using the given search parameters.

2021-06-30 101315 logger ERROR base_page:34 'NoneType' object has no attribute 'click'
Traceback (most recent call last):
  File "C:\Users\admin\PycharmProjects\workProject\newshield\base_page\base_page.py", line 30, in find_and_click
    ele = self.find(by, locator).click()
AttributeError: 'NoneType' object has no attribute 'click'
2021-06-30 101315 logger INFO base_page:28 ------------find_and_click-------------
2021-06-30 101315 logger INFO base_page:17 -------------find----------------
2021-06-30 101315 logger INFO base_page:18 id
2021-06-30 101315 logger INFO base_page:19 com.csizg.security:id/ok
2021-06-30 101327 logger ERROR base_page:25 Message: An element could not be located on the page using the given search parameters.
Traceback (most recent call last):
  File "C:\Users\admin\PycharmProjects\workProject\newshield\base_page\base_page.py", line 21, in find
    ele = self.driver.find_element(by, locator)
  File "C:\Users\admin\PycharmProjects\workProject\venv\lib\site-packages\appium\webdriver\webdriver.py", line 283, in find_element
    return self.execute(RemoteCommand.FIND_ELEMENT, {'using': by, 'value': value})['value']
  File "C:\Users\admin\PycharmProjects\workProject\venv\lib\site-packages\selenium\webdriver\remote\webdriver.py", line 321, in execute
    self.error_handler.check_response(response)
  File "C:\Users\admin\PycharmProjects\workProject\venv\lib\site-packages\appium\webdriver\errorhandler.py", line 31, in check_response
    raise wde
  File "C:\Users\admin\PycharmProjects\workProject\venv\lib\site-packages\appium\webdriver\errorhandler.py", line 26, in check_response
    super().check_response(response)
  File "C:\Users\admin\PycharmProjects\workProject\venv\lib\site-packages\selenium\webdriver\remote\errorhandler.py", line 242, in check_response
    raise exception_class(message, screen, stacktrace)
selenium.common.exceptions.NoSuchElementException: Message: An element could not be located on the page using the given search parameters.

2021-06-30 101328 logger ERROR base_page:34 'NoneType' object has no attribute 'click'
Traceback (most recent call last):
  File "C:\Users\admin\PycharmProjects\workProject\newshield\base_page\base_page.py", line 30, in find_and_click
    ele = self.find(by, locator).click()
AttributeError: 'NoneType' object has no attribute 'click'
2021-06-30 101328 logger INFO base_page:55 -----------finds------------
2021-06-30 102112 logger INFO base_page:46 -----------find_and_clear------------
2021-06-30 102112 logger INFO base_page:17 -------------find----------------
2021-06-30 102112 logger INFO base_page:18 id
2021-06-30 102112 logger INFO base_page:19 com.csizg.security:id/et_user_phone
2021-06-30 102115 logger INFO base_page:37 -----------find_and_send_keys------------
2021-06-30 102115 logger INFO base_page:17 -------------find----------------
2021-06-30 102115 logger INFO base_page:18 id
2021-06-30 102115 logger INFO base_page:19 com.csizg.security:id/et_user_phone
2021-06-30 102116 logger INFO base_page:28 ------------find_and_click-------------
2021-06-30 102116 logger INFO base_page:17 -------------find----------------
2021-06-30 102116 logger INFO base_page:18 id
2021-06-30 102116 logger INFO base_page:19 com.csizg.security:id/et_password
2021-06-30 102118 logger INFO base_page:37 -----------find_and_send_keys------------
2021-06-30 102118 logger INFO base_page:17 -------------find----------------
2021-06-30 102118 logger INFO base_page:18 id
2021-06-30 102118 logger INFO base_page:19 com.csizg.security:id/et_password
2021-06-30 102119 logger INFO base_page:28 ------------find_and_click-------------
2021-06-30 102119 logger INFO base_page:17 -------------find----------------
2021-06-30 102119 logger INFO base_page:18 id
2021-06-30 102119 logger INFO base_page:19 com.csizg.security:id/btn_login
2021-06-30 102120 logger INFO base_page:55 -----------finds------------
2021-06-30 102143 logger INFO base_page:46 -----------find_and_clear------------
2021-06-30 102143 logger INFO base_page:17 -------------find----------------
2021-06-30 102143 logger INFO base_page:18 id
2021-06-30 102143 logger INFO base_page:19 com.csizg.security:id/et_user_phone
2021-06-30 102143 logger INFO base_page:37 -----------find_and_send_keys------------
2021-06-30 102143 logger INFO base_page:17 -------------find----------------
2021-06-30 102143 logger INFO base_page:18 id
2021-06-30 102143 logger INFO base_page:19 com.csizg.security:id/et_user_phone
2021-06-30 102145 logger INFO base_page:28 ------------find_and_click-------------
2021-06-30 102145 logger INFO base_page:17 -------------find----------------
2021-06-30 102145 logger INFO base_page:18 id
2021-06-30 102145 logger INFO base_page:19 com.csizg.security:id/et_password
2021-06-30 102145 logger INFO base_page:37 -----------find_and_send_keys------------
2021-06-30 102145 logger INFO base_page:17 -------------find----------------
2021-06-30 102145 logger INFO base_page:18 id
2021-06-30 102145 logger INFO base_page:19 com.csizg.security:id/et_password
2021-06-30 102147 logger INFO base_page:28 ------------find_and_click-------------
2021-06-30 102147 logger INFO base_page:17 -------------find----------------
2021-06-30 102147 logger INFO base_page:18 id
2021-06-30 102147 logger INFO base_page:19 com.csizg.security:id/btn_login
2021-06-30 102148 logger INFO base_page:55 -----------finds------------
2021-06-30 102212 logger INFO base_page:46 -----------find_and_clear------------
2021-06-30 102212 logger INFO base_page:17 -------------find----------------
2021-06-30 102212 logger INFO base_page:18 id
2021-06-30 102212 logger INFO base_page:19 com.csizg.security:id/et_user_phone
2021-06-30 102212 logger INFO base_page:37 -----------find_and_send_keys------------
2021-06-30 102212 logger INFO base_page:17 -------------find----------------
2021-06-30 102212 logger INFO base_page:18 id
2021-06-30 102212 logger INFO base_page:19 com.csizg.security:id/et_user_phone
2021-06-30 102213 logger INFO base_page:28 ------------find_and_click-------------
2021-06-30 102213 logger INFO base_page:17 -------------find----------------
2021-06-30 102213 logger INFO base_page:18 id
2021-06-30 102213 logger INFO base_page:19 com.csizg.security:id/et_password
2021-06-30 102214 logger INFO base_page:37 -----------find_and_send_keys------------
2021-06-30 102214 logger INFO base_page:17 -------------find----------------
2021-06-30 102214 logger INFO base_page:18 id
2021-06-30 102214 logger INFO base_page:19 com.csizg.security:id/et_password
2021-06-30 102215 logger INFO base_page:28 ------------find_and_click-------------
2021-06-30 102215 logger INFO base_page:17 -------------find----------------
2021-06-30 102215 logger INFO base_page:18 id
2021-06-30 102215 logger INFO base_page:19 com.csizg.security:id/btn_login
2021-06-30 102216 logger INFO base_page:55 -----------finds------------
2021-06-30 102239 logger INFO base_page:46 -----------find_and_clear------------
2021-06-30 102239 logger INFO base_page:17 -------------find----------------
2021-06-30 102239 logger INFO base_page:18 id
2021-06-30 102239 logger INFO base_page:19 com.csizg.security:id/et_user_phone
2021-06-30 102239 logger INFO base_page:37 -----------find_and_send_keys------------
2021-06-30 102239 logger INFO base_page:17 -------------find----------------
2021-06-30 102239 logger INFO base_page:18 id
2021-06-30 102239 logger INFO base_page:19 com.csizg.security:id/et_user_phone
2021-06-30 102240 logger INFO base_page:28 ------------find_and_click-------------
2021-06-30 102240 logger INFO base_page:17 -------------find----------------
2021-06-30 102240 logger INFO base_page:18 id
2021-06-30 102240 logger INFO base_page:19 com.csizg.security:id/et_password
2021-06-30 102241 logger INFO base_page:37 -----------find_and_send_keys------------
2021-06-30 102241 logger INFO base_page:17 -------------find----------------
2021-06-30 102241 logger INFO base_page:18 id
2021-06-30 102241 logger INFO base_page:19 com.csizg.security:id/et_password
2021-06-30 102243 logger INFO base_page:28 ------------find_and_click-------------
2021-06-30 102243 logger INFO base_page:17 -------------find----------------
2021-06-30 102243 logger INFO base_page:18 id
2021-06-30 102243 logger INFO base_page:19 com.csizg.security:id/btn_login
2021-06-30 102244 logger INFO base_page:55 -----------finds------------
2021-06-30 102304 logger INFO base_page:28 ------------find_and_click-------------
2021-06-30 102304 logger INFO base_page:17 -------------find----------------
2021-06-30 102304 logger INFO base_page:18 id
2021-06-30 102304 logger INFO base_page:19 com.csizg.security:id/rb_main_friends
2021-06-30 102308 logger INFO base_page:28 ------------find_and_click-------------
2021-06-30 102308 logger INFO base_page:17 -------------find----------------
2021-06-30 102308 logger INFO base_page:18 id
2021-06-30 102308 logger INFO base_page:19 com.csizg.security:id/iv_title_menu
2021-06-30 102308 logger INFO base_page:28 ------------find_and_click-------------
2021-06-30 102308 logger INFO base_page:17 -------------find----------------
2021-06-30 102308 logger INFO base_page:18 xpath
2021-06-30 102308 logger INFO base_page:19 //*[@text= '添加好友']
2021-06-30 102310 logger INFO base_page:28 ------------find_and_click-------------
2021-06-30 102310 logger INFO base_page:17 -------------find----------------
2021-06-30 102310 logger INFO base_page:18 id
2021-06-30 102310 logger INFO base_page:19 com.csizg.security:id/add_friend_from_phone
2021-06-30 102310 logger INFO base_page:28 ------------find_and_click-------------
2021-06-30 102310 logger INFO base_page:17 -------------find----------------
2021-06-30 102310 logger INFO base_page:18 id
2021-06-30 102310 logger INFO base_page:19 com.csizg.security:id/et_user_phone
2021-06-30 102311 logger INFO base_page:37 -----------find_and_send_keys------------
2021-06-30 102311 logger INFO base_page:17 -------------find----------------
2021-06-30 102311 logger INFO base_page:18 id
2021-06-30 102311 logger INFO base_page:19 com.csizg.security:id/et_user_phone
2021-06-30 102313 logger INFO base_page:28 ------------find_and_click-------------
2021-06-30 102313 logger INFO base_page:17 -------------find----------------
2021-06-30 102313 logger INFO base_page:18 id
2021-06-30 102313 logger INFO base_page:19 com.csizg.security:id/add_number_search
2021-06-30 102314 logger INFO base_page:28 ------------find_and_click-------------
2021-06-30 102314 logger INFO base_page:17 -------------find----------------
2021-06-30 102314 logger INFO base_page:18 xpath
2021-06-30 102314 logger INFO base_page:19 //*[@text='添加']
2021-06-30 102316 logger INFO base_page:28 ------------find_and_click-------------
2021-06-30 102316 logger INFO base_page:17 -------------find----------------
2021-06-30 102316 logger INFO base_page:18 id
2021-06-30 102316 logger INFO base_page:19 com.csizg.security:id/add_number_contacts_add
2021-06-30 102316 logger INFO base_page:55 -----------finds------------
2021-06-30 102341 logger INFO base_page:28 ------------find_and_click-------------
2021-06-30 102341 logger INFO base_page:17 -------------find----------------
2021-06-30 102341 logger INFO base_page:18 id
2021-06-30 102341 logger INFO base_page:19 com.csizg.security:id/rb_main_friends
2021-06-30 102341 logger INFO base_page:28 ------------find_and_click-------------
2021-06-30 102341 logger INFO base_page:17 -------------find----------------
2021-06-30 102341 logger INFO base_page:18 id
2021-06-30 102341 logger INFO base_page:19 com.csizg.security:id/iv_civ
2021-06-30 102342 logger INFO base_page:28 ------------find_and_click-------------
2021-06-30 102342 logger INFO base_page:17 -------------find----------------
2021-06-30 102342 logger INFO base_page:18 xpath
2021-06-30 102342 logger INFO base_page:19 //*[@text='吴慧']/../../../..//*[@resource-id='com.csizg.security:id/new_friend_accept']
2021-06-30 102353 logger ERROR base_page:25 Message: An element could not be located on the page using the given search parameters.
Traceback (most recent call last):
  File "C:\Users\admin\PycharmProjects\workProject\newshield\base_page\base_page.py", line 21, in find
    ele = self.driver.find_element(by, locator)
  File "c:\users\admin\pycharmprojects\workproject\venv\lib\site-packages\appium\webdriver\webdriver.py", line 283, in find_element
    return self.execute(RemoteCommand.FIND_ELEMENT, {'using': by, 'value': value})['value']
  File "c:\users\admin\pycharmprojects\workproject\venv\lib\site-packages\selenium\webdriver\remote\webdriver.py", line 321, in execute
    self.error_handler.check_response(response)
  File "c:\users\admin\pycharmprojects\workproject\venv\lib\site-packages\appium\webdriver\errorhandler.py", line 31, in check_response
    raise wde
  File "c:\users\admin\pycharmprojects\workproject\venv\lib\site-packages\appium\webdriver\errorhandler.py", line 26, in check_response
    super().check_response(response)
  File "c:\users\admin\pycharmprojects\workproject\venv\lib\site-packages\selenium\webdriver\remote\errorhandler.py", line 242, in check_response
    raise exception_class(message, screen, stacktrace)
selenium.common.exceptions.NoSuchElementException: Message: An element could not be located on the page using the given search parameters.

2021-06-30 102354 logger ERROR base_page:34 'NoneType' object has no attribute 'click'
Traceback (most recent call last):
  File "C:\Users\admin\PycharmProjects\workProject\newshield\base_page\base_page.py", line 30, in find_and_click
    ele = self.find(by, locator).click()
AttributeError: 'NoneType' object has no attribute 'click'
2021-06-30 102354 logger INFO base_page:28 ------------find_and_click-------------
2021-06-30 102354 logger INFO base_page:17 -------------find----------------
2021-06-30 102354 logger INFO base_page:18 id
2021-06-30 102354 logger INFO base_page:19 com.csizg.security:id/ok
2021-06-30 102406 logger ERROR base_page:25 Message: An element could not be located on the page using the given search parameters.
Traceback (most recent call last):
  File "C:\Users\admin\PycharmProjects\workProject\newshield\base_page\base_page.py", line 21, in find
    ele = self.driver.find_element(by, locator)
  File "c:\users\admin\pycharmprojects\workproject\venv\lib\site-packages\appium\webdriver\webdriver.py", line 283, in find_element
    return self.execute(RemoteCommand.FIND_ELEMENT, {'using': by, 'value': value})['value']
  File "c:\users\admin\pycharmprojects\workproject\venv\lib\site-packages\selenium\webdriver\remote\webdriver.py", line 321, in execute
    self.error_handler.check_response(response)
  File "c:\users\admin\pycharmprojects\workproject\venv\lib\site-packages\appium\webdriver\errorhandler.py", line 31, in check_response
    raise wde
  File "c:\users\admin\pycharmprojects\workproject\venv\lib\site-packages\appium\webdriver\errorhandler.py", line 26, in check_response
    super().check_response(response)
  File "c:\users\admin\pycharmprojects\workproject\venv\lib\site-packages\selenium\webdriver\remote\errorhandler.py", line 242, in check_response
    raise exception_class(message, screen, stacktrace)
selenium.common.exceptions.NoSuchElementException: Message: An element could not be located on the page using the given search parameters.

2021-06-30 102407 logger ERROR base_page:34 'NoneType' object has no attribute 'click'
Traceback (most recent call last):
  File "C:\Users\admin\PycharmProjects\workProject\newshield\base_page\base_page.py", line 30, in find_and_click
    ele = self.find(by, locator).click()
AttributeError: 'NoneType' object has no attribute 'click'
2021-06-30 102407 logger INFO base_page:55 -----------finds------------
2021-06-30 102431 logger INFO base_page:28 ------------find_and_click-------------
2021-06-30 102431 logger INFO base_page:17 -------------find----------------
2021-06-30 102431 logger INFO base_page:18 id
2021-06-30 102431 logger INFO base_page:19 com.csizg.security:id/rb_main_friends
2021-06-30 102431 logger INFO base_page:28 ------------find_and_click-------------
2021-06-30 102431 logger INFO base_page:17 -------------find----------------
2021-06-30 102431 logger INFO base_page:18 id
2021-06-30 102431 logger INFO base_page:19 com.csizg.security:id/iv_my_friends
2021-06-30 102513 logger INFO base_page:28 ------------find_and_click-------------
2021-06-30 102513 logger INFO base_page:17 -------------find----------------
2021-06-30 102513 logger INFO base_page:18 xpath
2021-06-30 102513 logger INFO base_page:19 //*[@text= '设置备注']
2021-06-30 102539 logger INFO base_page:28 ------------find_and_click-------------
2021-06-30 102539 logger INFO base_page:17 -------------find----------------
2021-06-30 102539 logger INFO base_page:18 id
2021-06-30 102539 logger INFO base_page:19 com.csizg.security:id/rb_main_friends
2021-06-30 102539 logger INFO base_page:28 ------------find_and_click-------------
2021-06-30 102539 logger INFO base_page:17 -------------find----------------
2021-06-30 102539 logger INFO base_page:18 id
2021-06-30 102539 logger INFO base_page:19 com.csizg.security:id/iv_my_friends
2021-06-30 102541 logger INFO base_page:17 -------------find----------------
2021-06-30 102541 logger INFO base_page:18 xpath
2021-06-30 102541 logger INFO base_page:19 //*[contains(@text, '慧')]
2021-06-30 102545 logger INFO base_page:28 ------------find_and_click-------------
2021-06-30 102545 logger INFO base_page:17 -------------find----------------
2021-06-30 102545 logger INFO base_page:18 xpath
2021-06-30 102545 logger INFO base_page:19 //*[@text= '删除好友']
2021-06-30 102545 logger INFO base_page:28 ------------find_and_click-------------
2021-06-30 102545 logger INFO base_page:17 -------------find----------------
2021-06-30 102545 logger INFO base_page:18 id
2021-06-30 102545 logger INFO base_page:19 com.csizg.security:id/confim_update
2021-06-30 102548 logger INFO base_page:17 -------------find----------------
2021-06-30 102548 logger INFO base_page:18 xpath
2021-06-30 102548 logger INFO base_page:19 //*[contains(@text, '慧')]
2021-06-30 104457 logger INFO base_page:28 ------------find_and_click-------------
2021-06-30 104457 logger INFO base_page:17 -------------find----------------
2021-06-30 104457 logger INFO base_page:18 id
2021-06-30 104457 logger INFO base_page:19 com.csizg.security:id/rb_main_friends
2021-06-30 104501 logger INFO base_page:28 ------------find_and_click-------------
2021-06-30 104501 logger INFO base_page:17 -------------find----------------
2021-06-30 104501 logger INFO base_page:18 id
2021-06-30 104501 logger INFO base_page:19 com.csizg.security:id/iv_title_menu
2021-06-30 104502 logger INFO base_page:28 ------------find_and_click-------------
2021-06-30 104502 logger INFO base_page:17 -------------find----------------
2021-06-30 104502 logger INFO base_page:18 xpath
2021-06-30 104502 logger INFO base_page:19 //*[@text= '添加好友']
2021-06-30 104503 logger INFO base_page:28 ------------find_and_click-------------
2021-06-30 104503 logger INFO base_page:17 -------------find----------------
2021-06-30 104503 logger INFO base_page:18 id
2021-06-30 104503 logger INFO base_page:19 com.csizg.security:id/add_friend_from_phone
2021-06-30 104504 logger INFO base_page:28 ------------find_and_click-------------
2021-06-30 104504 logger INFO base_page:17 -------------find----------------
2021-06-30 104504 logger INFO base_page:18 id
2021-06-30 104504 logger INFO base_page:19 com.csizg.security:id/et_user_phone
2021-06-30 104505 logger INFO base_page:37 -----------find_and_send_keys------------
2021-06-30 104505 logger INFO base_page:17 -------------find----------------
2021-06-30 104505 logger INFO base_page:18 id
2021-06-30 104505 logger INFO base_page:19 com.csizg.security:id/et_user_phone
2021-06-30 104505 logger INFO base_page:28 ------------find_and_click-------------
2021-06-30 104505 logger INFO base_page:17 -------------find----------------
2021-06-30 104505 logger INFO base_page:18 id
2021-06-30 104505 logger INFO base_page:19 com.csizg.security:id/add_number_search
2021-06-30 104506 logger INFO base_page:28 ------------find_and_click-------------
2021-06-30 104506 logger INFO base_page:17 -------------find----------------
2021-06-30 104506 logger INFO base_page:18 xpath
2021-06-30 104506 logger INFO base_page:19 //*[@text='添加']
2021-06-30 104509 logger INFO base_page:28 ------------find_and_click-------------
2021-06-30 104509 logger INFO base_page:17 -------------find----------------
2021-06-30 104509 logger INFO base_page:18 id
2021-06-30 104509 logger INFO base_page:19 com.csizg.security:id/add_number_contacts_add
2021-06-30 104509 logger INFO base_page:55 -----------finds------------
2021-06-30 104534 logger INFO base_page:28 ------------find_and_click-------------
2021-06-30 104534 logger INFO base_page:17 -------------find----------------
2021-06-30 104534 logger INFO base_page:18 id
2021-06-30 104534 logger INFO base_page:19 com.csizg.security:id/rb_main_friends
2021-06-30 104535 logger INFO base_page:28 ------------find_and_click-------------
2021-06-30 104535 logger INFO base_page:17 -------------find----------------
2021-06-30 104535 logger INFO base_page:18 id
2021-06-30 104535 logger INFO base_page:19 com.csizg.security:id/iv_my_friends
2021-06-30 104616 logger INFO base_page:28 ------------find_and_click-------------
2021-06-30 104616 logger INFO base_page:17 -------------find----------------
2021-06-30 104616 logger INFO base_page:18 xpath
2021-06-30 104616 logger INFO base_page:19 //*[@text= '设置备注']
2021-06-30 104626 logger ERROR base_page:25 Message: An element could not be located on the page using the given search parameters.
Traceback (most recent call last):
  File "C:\Users\admin\PycharmProjects\workProject\newshield\base_page\base_page.py", line 21, in find
    ele = self.driver.find_element(by, locator)
  File "c:\users\admin\pycharmprojects\workproject\venv\lib\site-packages\appium\webdriver\webdriver.py", line 283, in find_element
    return self.execute(RemoteCommand.FIND_ELEMENT, {'using': by, 'value': value})['value']
  File "c:\users\admin\pycharmprojects\workproject\venv\lib\site-packages\selenium\webdriver\remote\webdriver.py", line 321, in execute
    self.error_handler.check_response(response)
  File "c:\users\admin\pycharmprojects\workproject\venv\lib\site-packages\appium\webdriver\errorhandler.py", line 31, in check_response
    raise wde
  File "c:\users\admin\pycharmprojects\workproject\venv\lib\site-packages\appium\webdriver\errorhandler.py", line 26, in check_response
    super().check_response(response)
  File "c:\users\admin\pycharmprojects\workproject\venv\lib\site-packages\selenium\webdriver\remote\errorhandler.py", line 242, in check_response
    raise exception_class(message, screen, stacktrace)
selenium.common.exceptions.NoSuchElementException: Message: An element could not be located on the page using the given search parameters.

2021-06-30 104626 logger ERROR base_page:34 'NoneType' object has no attribute 'click'
Traceback (most recent call last):
  File "C:\Users\admin\PycharmProjects\workProject\newshield\base_page\base_page.py", line 30, in find_and_click
    ele = self.find(by, locator).click()
AttributeError: 'NoneType' object has no attribute 'click'
2021-06-30 104626 logger INFO base_page:28 ------------find_and_click-------------
2021-06-30 104626 logger INFO base_page:17 -------------find----------------
2021-06-30 104626 logger INFO base_page:18 id
2021-06-30 104626 logger INFO base_page:19 com.csizg.security:id/et_remark
2021-06-30 104637 logger ERROR base_page:25 Message: An element could not be located on the page using the given search parameters.
Traceback (most recent call last):
  File "C:\Users\admin\PycharmProjects\workProject\newshield\base_page\base_page.py", line 21, in find
    ele = self.driver.find_element(by, locator)
  File "c:\users\admin\pycharmprojects\workproject\venv\lib\site-packages\appium\webdriver\webdriver.py", line 283, in find_element
    return self.execute(RemoteCommand.FIND_ELEMENT, {'using': by, 'value': value})['value']
  File "c:\users\admin\pycharmprojects\workproject\venv\lib\site-packages\selenium\webdriver\remote\webdriver.py", line 321, in execute
    self.error_handler.check_response(response)
  File "c:\users\admin\pycharmprojects\workproject\venv\lib\site-packages\appium\webdriver\errorhandler.py", line 31, in check_response
    raise wde
  File "c:\users\admin\pycharmprojects\workproject\venv\lib\site-packages\appium\webdriver\errorhandler.py", line 26, in check_response
    super().check_response(response)
  File "c:\users\admin\pycharmprojects\workproject\venv\lib\site-packages\selenium\webdriver\remote\errorhandler.py", line 242, in check_response
    raise exception_class(message, screen, stacktrace)
selenium.common.exceptions.NoSuchElementException: Message: An element could not be located on the page using the given search parameters.

2021-06-30 104637 logger ERROR base_page:34 'NoneType' object has no attribute 'click'
Traceback (most recent call last):
  File "C:\Users\admin\PycharmProjects\workProject\newshield\base_page\base_page.py", line 30, in find_and_click
    ele = self.find(by, locator).click()
AttributeError: 'NoneType' object has no attribute 'click'
2021-06-30 104637 logger INFO base_page:46 -----------find_and_clear------------
2021-06-30 104637 logger INFO base_page:17 -------------find----------------
2021-06-30 104637 logger INFO base_page:18 id
2021-06-30 104637 logger INFO base_page:19 com.csizg.security:id/et_remark
2021-06-30 104647 logger ERROR base_page:25 Message: An element could not be located on the page using the given search parameters.
Traceback (most recent call last):
  File "C:\Users\admin\PycharmProjects\workProject\newshield\base_page\base_page.py", line 21, in find
    ele = self.driver.find_element(by, locator)
  File "c:\users\admin\pycharmprojects\workproject\venv\lib\site-packages\appium\webdriver\webdriver.py", line 283, in find_element
    return self.execute(RemoteCommand.FIND_ELEMENT, {'using': by, 'value': value})['value']
  File "c:\users\admin\pycharmprojects\workproject\venv\lib\site-packages\selenium\webdriver\remote\webdriver.py", line 321, in execute
    self.error_handler.check_response(response)
  File "c:\users\admin\pycharmprojects\workproject\venv\lib\site-packages\appium\webdriver\errorhandler.py", line 31, in check_response
    raise wde
  File "c:\users\admin\pycharmprojects\workproject\venv\lib\site-packages\appium\webdriver\errorhandler.py", line 26, in check_response
    super().check_response(response)
  File "c:\users\admin\pycharmprojects\workproject\venv\lib\site-packages\selenium\webdriver\remote\errorhandler.py", line 242, in check_response
    raise exception_class(message, screen, stacktrace)
selenium.common.exceptions.NoSuchElementException: Message: An element could not be located on the page using the given search parameters.

2021-06-30 104647 logger ERROR base_page:52 'NoneType' object has no attribute 'clear'
Traceback (most recent call last):
  File "C:\Users\admin\PycharmProjects\workProject\newshield\base_page\base_page.py", line 48, in find_and_clear
    ele = self.find(by, locator).clear()
AttributeError: 'NoneType' object has no attribute 'clear'
2021-06-30 104647 logger INFO base_page:37 -----------find_and_send_keys------------
2021-06-30 104647 logger INFO base_page:17 -------------find----------------
2021-06-30 104647 logger INFO base_page:18 id
2021-06-30 104647 logger INFO base_page:19 com.csizg.security:id/et_remark
2021-06-30 104657 logger ERROR base_page:25 Message: An element could not be located on the page using the given search parameters.
Traceback (most recent call last):
  File "C:\Users\admin\PycharmProjects\workProject\newshield\base_page\base_page.py", line 21, in find
    ele = self.driver.find_element(by, locator)
  File "c:\users\admin\pycharmprojects\workproject\venv\lib\site-packages\appium\webdriver\webdriver.py", line 283, in find_element
    return self.execute(RemoteCommand.FIND_ELEMENT, {'using': by, 'value': value})['value']
  File "c:\users\admin\pycharmprojects\workproject\venv\lib\site-packages\selenium\webdriver\remote\webdriver.py", line 321, in execute
    self.error_handler.check_response(response)
  File "c:\users\admin\pycharmprojects\workproject\venv\lib\site-packages\appium\webdriver\errorhandler.py", line 31, in check_response
    raise wde
  File "c:\users\admin\pycharmprojects\workproject\venv\lib\site-packages\appium\webdriver\errorhandler.py", line 26, in check_response
    super().check_response(response)
  File "c:\users\admin\pycharmprojects\workproject\venv\lib\site-packages\selenium\webdriver\remote\errorhandler.py", line 242, in check_response
    raise exception_class(message, screen, stacktrace)
selenium.common.exceptions.NoSuchElementException: Message: An element could not be located on the page using the given search parameters.

2021-06-30 104657 logger ERROR base_page:43 'NoneType' object has no attribute 'send_keys'
Traceback (most recent call last):
  File "C:\Users\admin\PycharmProjects\workProject\newshield\base_page\base_page.py", line 39, in find_and_send_keys
    ele = self.find(by, locator).send_keys(key)
AttributeError: 'NoneType' object has no attribute 'send_keys'
2021-06-30 104657 logger INFO base_page:28 ------------find_and_click-------------
2021-06-30 104657 logger INFO base_page:17 -------------find----------------
2021-06-30 104657 logger INFO base_page:18 id
2021-06-30 104657 logger INFO base_page:19 com.csizg.security:id/ok
2021-06-30 104708 logger ERROR base_page:25 Message: An element could not be located on the page using the given search parameters.
Traceback (most recent call last):
  File "C:\Users\admin\PycharmProjects\workProject\newshield\base_page\base_page.py", line 21, in find
    ele = self.driver.find_element(by, locator)
  File "c:\users\admin\pycharmprojects\workproject\venv\lib\site-packages\appium\webdriver\webdriver.py", line 283, in find_element
    return self.execute(RemoteCommand.FIND_ELEMENT, {'using': by, 'value': value})['value']
  File "c:\users\admin\pycharmprojects\workproject\venv\lib\site-packages\selenium\webdriver\remote\webdriver.py", line 321, in execute
    self.error_handler.check_response(response)
  File "c:\users\admin\pycharmprojects\workproject\venv\lib\site-packages\appium\webdriver\errorhandler.py", line 31, in check_response
    raise wde
  File "c:\users\admin\pycharmprojects\workproject\venv\lib\site-packages\appium\webdriver\errorhandler.py", line 26, in check_response
    super().check_response(response)
  File "c:\users\admin\pycharmprojects\workproject\venv\lib\site-packages\selenium\webdriver\remote\errorhandler.py", line 242, in check_response
    raise exception_class(message, screen, stacktrace)
selenium.common.exceptions.NoSuchElementException: Message: An element could not be located on the page using the given search parameters.

2021-06-30 104708 logger ERROR base_page:34 'NoneType' object has no attribute 'click'
Traceback (most recent call last):
  File "C:\Users\admin\PycharmProjects\workProject\newshield\base_page\base_page.py", line 30, in find_and_click
    ele = self.find(by, locator).click()
AttributeError: 'NoneType' object has no attribute 'click'
2021-06-30 104803 logger INFO base_page:28 ------------find_and_click-------------
2021-06-30 104803 logger INFO base_page:17 -------------find----------------
2021-06-30 104803 logger INFO base_page:18 id
2021-06-30 104803 logger INFO base_page:19 com.csizg.security:id/rb_main_friends
2021-06-30 104805 logger INFO base_page:28 ------------find_and_click-------------
2021-06-30 104805 logger INFO base_page:17 -------------find----------------
2021-06-30 104805 logger INFO base_page:18 id
2021-06-30 104805 logger INFO base_page:19 com.csizg.security:id/iv_my_friends
2021-06-30 104807 logger INFO base_page:17 -------------find----------------
2021-06-30 104807 logger INFO base_page:18 xpath
2021-06-30 104807 logger INFO base_page:19 //*[contains(@text, '慧')]
2021-06-30 104810 logger INFO base_page:28 ------------find_and_click-------------
2021-06-30 104810 logger INFO base_page:17 -------------find----------------
2021-06-30 104810 logger INFO base_page:18 xpath
2021-06-30 104810 logger INFO base_page:19 //*[@text= '删除好友']
2021-06-30 104811 logger INFO base_page:28 ------------find_and_click-------------
2021-06-30 104811 logger INFO base_page:17 -------------find----------------
2021-06-30 104811 logger INFO base_page:18 id
2021-06-30 104811 logger INFO base_page:19 com.csizg.security:id/confim_update
2021-06-30 104816 logger INFO base_page:17 -------------find----------------
2021-06-30 104816 logger INFO base_page:18 xpath
2021-06-30 104816 logger INFO base_page:19 //*[contains(@text, '慧')]
2021-06-30 105750 logger INFO base_page:28 ------------find_and_click-------------
2021-06-30 105750 logger INFO base_page:17 -------------find----------------
2021-06-30 105750 logger INFO base_page:18 id
2021-06-30 105750 logger INFO base_page:19 com.csizg.security:id/rb_main_friends
2021-06-30 105754 logger INFO base_page:28 ------------find_and_click-------------
2021-06-30 105754 logger INFO base_page:17 -------------find----------------
2021-06-30 105754 logger INFO base_page:18 id
2021-06-30 105754 logger INFO base_page:19 com.csizg.security:id/iv_title_menu
2021-06-30 105755 logger INFO base_page:28 ------------find_and_click-------------
2021-06-30 105755 logger INFO base_page:17 -------------find----------------
2021-06-30 105755 logger INFO base_page:18 xpath
2021-06-30 105755 logger INFO base_page:19 //*[@text= '添加好友']
2021-06-30 105756 logger INFO base_page:28 ------------find_and_click-------------
2021-06-30 105756 logger INFO base_page:17 -------------find----------------
2021-06-30 105756 logger INFO base_page:18 id
2021-06-30 105756 logger INFO base_page:19 com.csizg.security:id/add_friend_from_phone
2021-06-30 105756 logger INFO base_page:28 ------------find_and_click-------------
2021-06-30 105756 logger INFO base_page:17 -------------find----------------
2021-06-30 105756 logger INFO base_page:18 id
2021-06-30 105756 logger INFO base_page:19 com.csizg.security:id/et_user_phone
2021-06-30 105757 logger INFO base_page:37 -----------find_and_send_keys------------
2021-06-30 105757 logger INFO base_page:17 -------------find----------------
2021-06-30 105757 logger INFO base_page:18 id
2021-06-30 105757 logger INFO base_page:19 com.csizg.security:id/et_user_phone
2021-06-30 105758 logger INFO base_page:28 ------------find_and_click-------------
2021-06-30 105758 logger INFO base_page:17 -------------find----------------
2021-06-30 105758 logger INFO base_page:18 id
2021-06-30 105758 logger INFO base_page:19 com.csizg.security:id/add_number_search
2021-06-30 105800 logger INFO base_page:28 ------------find_and_click-------------
2021-06-30 105800 logger INFO base_page:17 -------------find----------------
2021-06-30 105800 logger INFO base_page:18 xpath
2021-06-30 105800 logger INFO base_page:19 //*[@text='添加']
2021-06-30 105802 logger INFO base_page:28 ------------find_and_click-------------
2021-06-30 105802 logger INFO base_page:17 -------------find----------------
2021-06-30 105802 logger INFO base_page:18 id
2021-06-30 105802 logger INFO base_page:19 com.csizg.security:id/add_number_contacts_add
2021-06-30 105803 logger INFO base_page:55 -----------finds------------
2021-06-30 105847 logger INFO base_page:28 ------------find_and_click-------------
2021-06-30 105847 logger INFO base_page:17 -------------find----------------
2021-06-30 105847 logger INFO base_page:18 id
2021-06-30 105847 logger INFO base_page:19 com.csizg.security:id/rb_main_friends
2021-06-30 105851 logger INFO base_page:28 ------------find_and_click-------------
2021-06-30 105851 logger INFO base_page:17 -------------find----------------
2021-06-30 105851 logger INFO base_page:18 id
2021-06-30 105851 logger INFO base_page:19 com.csizg.security:id/iv_title_menu
2021-06-30 105851 logger INFO base_page:28 ------------find_and_click-------------
2021-06-30 105851 logger INFO base_page:17 -------------find----------------
2021-06-30 105851 logger INFO base_page:18 xpath
2021-06-30 105851 logger INFO base_page:19 //*[@text= '添加好友']
2021-06-30 105853 logger INFO base_page:28 ------------find_and_click-------------
2021-06-30 105853 logger INFO base_page:17 -------------find----------------
2021-06-30 105853 logger INFO base_page:18 id
2021-06-30 105853 logger INFO base_page:19 com.csizg.security:id/add_friend_from_phone
2021-06-30 105853 logger INFO base_page:28 ------------find_and_click-------------
2021-06-30 105853 logger INFO base_page:17 -------------find----------------
2021-06-30 105853 logger INFO base_page:18 id
2021-06-30 105853 logger INFO base_page:19 com.csizg.security:id/et_user_phone
2021-06-30 105854 logger INFO base_page:37 -----------find_and_send_keys------------
2021-06-30 105854 logger INFO base_page:17 -------------find----------------
2021-06-30 105854 logger INFO base_page:18 id
2021-06-30 105854 logger INFO base_page:19 com.csizg.security:id/et_user_phone
2021-06-30 105855 logger INFO base_page:28 ------------find_and_click-------------
2021-06-30 105855 logger INFO base_page:17 -------------find----------------
2021-06-30 105855 logger INFO base_page:18 id
2021-06-30 105855 logger INFO base_page:19 com.csizg.security:id/add_number_search
2021-06-30 105855 logger INFO base_page:28 ------------find_and_click-------------
2021-06-30 105855 logger INFO base_page:17 -------------find----------------
2021-06-30 105855 logger INFO base_page:18 xpath
2021-06-30 105855 logger INFO base_page:19 //*[@text='添加']
2021-06-30 105858 logger INFO base_page:28 ------------find_and_click-------------
2021-06-30 105858 logger INFO base_page:17 -------------find----------------
2021-06-30 105858 logger INFO base_page:18 id
2021-06-30 105858 logger INFO base_page:19 com.csizg.security:id/add_number_contacts_add
2021-06-30 105858 logger INFO base_page:55 -----------finds------------
2021-06-30 110410 logger INFO base_page:28 ------------find_and_click-------------
2021-06-30 110410 logger INFO base_page:17 -------------find----------------
2021-06-30 110410 logger INFO base_page:18 id
2021-06-30 110410 logger INFO base_page:19 com.csizg.security:id/rb_main_friends
2021-06-30 110411 logger INFO base_page:28 ------------find_and_click-------------
2021-06-30 110411 logger INFO base_page:17 -------------find----------------
2021-06-30 110411 logger INFO base_page:18 id
2021-06-30 110411 logger INFO base_page:19 com.csizg.security:id/iv_my_friends
2021-06-30 110558 logger INFO base_page:46 -----------find_and_clear------------
2021-06-30 110558 logger INFO base_page:17 -------------find----------------
2021-06-30 110558 logger INFO base_page:18 id
2021-06-30 110558 logger INFO base_page:19 com.csizg.security:id/et_user_phone
2021-06-30 110600 logger INFO base_page:37 -----------find_and_send_keys------------
2021-06-30 110600 logger INFO base_page:17 -------------find----------------
2021-06-30 110600 logger INFO base_page:18 id
2021-06-30 110600 logger INFO base_page:19 com.csizg.security:id/et_user_phone
2021-06-30 110602 logger INFO base_page:28 ------------find_and_click-------------
2021-06-30 110602 logger INFO base_page:17 -------------find----------------
2021-06-30 110602 logger INFO base_page:18 id
2021-06-30 110602 logger INFO base_page:19 com.csizg.security:id/et_password
2021-06-30 110603 logger INFO base_page:37 -----------find_and_send_keys------------
2021-06-30 110603 logger INFO base_page:17 -------------find----------------
2021-06-30 110603 logger INFO base_page:18 id
2021-06-30 110603 logger INFO base_page:19 com.csizg.security:id/et_password
2021-06-30 110605 logger INFO base_page:28 ------------find_and_click-------------
2021-06-30 110605 logger INFO base_page:17 -------------find----------------
2021-06-30 110605 logger INFO base_page:18 id
2021-06-30 110605 logger INFO base_page:19 com.csizg.security:id/btn_login
2021-06-30 110606 logger INFO base_page:55 -----------finds------------
2021-06-30 110700 logger INFO base_page:28 ------------find_and_click-------------
2021-06-30 110700 logger INFO base_page:17 -------------find----------------
2021-06-30 110700 logger INFO base_page:18 id
2021-06-30 110700 logger INFO base_page:19 com.csizg.security:id/rb_main_friends
2021-06-30 110703 logger INFO base_page:28 ------------find_and_click-------------
2021-06-30 110703 logger INFO base_page:17 -------------find----------------
2021-06-30 110703 logger INFO base_page:18 id
2021-06-30 110703 logger INFO base_page:19 com.csizg.security:id/iv_title_menu
2021-06-30 110704 logger INFO base_page:28 ------------find_and_click-------------
2021-06-30 110704 logger INFO base_page:17 -------------find----------------
2021-06-30 110704 logger INFO base_page:18 xpath
2021-06-30 110704 logger INFO base_page:19 //*[@text= '添加好友']
2021-06-30 110705 logger INFO base_page:28 ------------find_and_click-------------
2021-06-30 110705 logger INFO base_page:17 -------------find----------------
2021-06-30 110705 logger INFO base_page:18 id
2021-06-30 110705 logger INFO base_page:19 com.csizg.security:id/add_friend_from_phone
2021-06-30 110706 logger INFO base_page:28 ------------find_and_click-------------
2021-06-30 110706 logger INFO base_page:17 -------------find----------------
2021-06-30 110706 logger INFO base_page:18 id
2021-06-30 110706 logger INFO base_page:19 com.csizg.security:id/et_user_phone
2021-06-30 110706 logger INFO base_page:37 -----------find_and_send_keys------------
2021-06-30 110706 logger INFO base_page:17 -------------find----------------
2021-06-30 110706 logger INFO base_page:18 id
2021-06-30 110706 logger INFO base_page:19 com.csizg.security:id/et_user_phone
2021-06-30 110708 logger INFO base_page:28 ------------find_and_click-------------
2021-06-30 110708 logger INFO base_page:17 -------------find----------------
2021-06-30 110708 logger INFO base_page:18 id
2021-06-30 110708 logger INFO base_page:19 com.csizg.security:id/add_number_search
2021-06-30 110708 logger INFO base_page:28 ------------find_and_click-------------
2021-06-30 110708 logger INFO base_page:17 -------------find----------------
2021-06-30 110708 logger INFO base_page:18 xpath
2021-06-30 110708 logger INFO base_page:19 //*[@text='添加']
2021-06-30 110711 logger INFO base_page:28 ------------find_and_click-------------
2021-06-30 110711 logger INFO base_page:17 -------------find----------------
2021-06-30 110711 logger INFO base_page:18 id
2021-06-30 110711 logger INFO base_page:19 com.csizg.security:id/add_number_contacts_add
2021-06-30 110712 logger INFO base_page:55 -----------finds------------
2021-06-30 110738 logger INFO base_page:28 ------------find_and_click-------------
2021-06-30 110738 logger INFO base_page:17 -------------find----------------
2021-06-30 110738 logger INFO base_page:18 id
2021-06-30 110738 logger INFO base_page:19 com.csizg.security:id/rb_main_friends
2021-06-30 110748 logger ERROR base_page:25 Message: An element could not be located on the page using the given search parameters.
Traceback (most recent call last):
  File "C:\Users\admin\PycharmProjects\workProject\newshield\base_page\base_page.py", line 21, in find
    ele = self.driver.find_element(by, locator)
  File "c:\users\admin\pycharmprojects\workproject\venv\lib\site-packages\appium\webdriver\webdriver.py", line 283, in find_element
    return self.execute(RemoteCommand.FIND_ELEMENT, {'using': by, 'value': value})['value']
  File "c:\users\admin\pycharmprojects\workproject\venv\lib\site-packages\selenium\webdriver\remote\webdriver.py", line 321, in execute
    self.error_handler.check_response(response)
  File "c:\users\admin\pycharmprojects\workproject\venv\lib\site-packages\appium\webdriver\errorhandler.py", line 31, in check_response
    raise wde
  File "c:\users\admin\pycharmprojects\workproject\venv\lib\site-packages\appium\webdriver\errorhandler.py", line 26, in check_response
    super().check_response(response)
  File "c:\users\admin\pycharmprojects\workproject\venv\lib\site-packages\selenium\webdriver\remote\errorhandler.py", line 242, in check_response
    raise exception_class(message, screen, stacktrace)
selenium.common.exceptions.NoSuchElementException: Message: An element could not be located on the page using the given search parameters.

2021-06-30 110748 logger ERROR base_page:34 'NoneType' object has no attribute 'click'
Traceback (most recent call last):
  File "C:\Users\admin\PycharmProjects\workProject\newshield\base_page\base_page.py", line 30, in find_and_click
    ele = self.find(by, locator).click()
AttributeError: 'NoneType' object has no attribute 'click'
2021-06-30 110748 logger INFO base_page:28 ------------find_and_click-------------
2021-06-30 110748 logger INFO base_page:17 -------------find----------------
2021-06-30 110748 logger INFO base_page:18 id
2021-06-30 110748 logger INFO base_page:19 com.csizg.security:id/iv_civ
2021-06-30 110758 logger ERROR base_page:25 Message: An element could not be located on the page using the given search parameters.
Traceback (most recent call last):
  File "C:\Users\admin\PycharmProjects\workProject\newshield\base_page\base_page.py", line 21, in find
    ele = self.driver.find_element(by, locator)
  File "c:\users\admin\pycharmprojects\workproject\venv\lib\site-packages\appium\webdriver\webdriver.py", line 283, in find_element
    return self.execute(RemoteCommand.FIND_ELEMENT, {'using': by, 'value': value})['value']
  File "c:\users\admin\pycharmprojects\workproject\venv\lib\site-packages\selenium\webdriver\remote\webdriver.py", line 321, in execute
    self.error_handler.check_response(response)
  File "c:\users\admin\pycharmprojects\workproject\venv\lib\site-packages\appium\webdriver\errorhandler.py", line 31, in check_response
    raise wde
  File "c:\users\admin\pycharmprojects\workproject\venv\lib\site-packages\appium\webdriver\errorhandler.py", line 26, in check_response
    super().check_response(response)
  File "c:\users\admin\pycharmprojects\workproject\venv\lib\site-packages\selenium\webdriver\remote\errorhandler.py", line 242, in check_response
    raise exception_class(message, screen, stacktrace)
selenium.common.exceptions.NoSuchElementException: Message: An element could not be located on the page using the given search parameters.

2021-06-30 110758 logger ERROR base_page:34 'NoneType' object has no attribute 'click'
Traceback (most recent call last):
  File "C:\Users\admin\PycharmProjects\workProject\newshield\base_page\base_page.py", line 30, in find_and_click
    ele = self.find(by, locator).click()
AttributeError: 'NoneType' object has no attribute 'click'
2021-06-30 110758 logger INFO base_page:28 ------------find_and_click-------------
2021-06-30 110758 logger INFO base_page:17 -------------find----------------
2021-06-30 110758 logger INFO base_page:18 xpath
2021-06-30 110758 logger INFO base_page:19 //*[@text='吴慧']/../../../..//*[@resource-id='com.csizg.security:id/new_friend_accept']
2021-06-30 110809 logger ERROR base_page:25 Message: An element could not be located on the page using the given search parameters.
Traceback (most recent call last):
  File "C:\Users\admin\PycharmProjects\workProject\newshield\base_page\base_page.py", line 21, in find
    ele = self.driver.find_element(by, locator)
  File "c:\users\admin\pycharmprojects\workproject\venv\lib\site-packages\appium\webdriver\webdriver.py", line 283, in find_element
    return self.execute(RemoteCommand.FIND_ELEMENT, {'using': by, 'value': value})['value']
  File "c:\users\admin\pycharmprojects\workproject\venv\lib\site-packages\selenium\webdriver\remote\webdriver.py", line 321, in execute
    self.error_handler.check_response(response)
  File "c:\users\admin\pycharmprojects\workproject\venv\lib\site-packages\appium\webdriver\errorhandler.py", line 31, in check_response
    raise wde
  File "c:\users\admin\pycharmprojects\workproject\venv\lib\site-packages\appium\webdriver\errorhandler.py", line 26, in check_response
    super().check_response(response)
  File "c:\users\admin\pycharmprojects\workproject\venv\lib\site-packages\selenium\webdriver\remote\errorhandler.py", line 242, in check_response
    raise exception_class(message, screen, stacktrace)
selenium.common.exceptions.NoSuchElementException: Message: An element could not be located on the page using the given search parameters.

2021-06-30 110809 logger ERROR base_page:34 'NoneType' object has no attribute 'click'
Traceback (most recent call last):
  File "C:\Users\admin\PycharmProjects\workProject\newshield\base_page\base_page.py", line 30, in find_and_click
    ele = self.find(by, locator).click()
AttributeError: 'NoneType' object has no attribute 'click'
2021-06-30 110809 logger INFO base_page:28 ------------find_and_click-------------
2021-06-30 110809 logger INFO base_page:17 -------------find----------------
2021-06-30 110809 logger INFO base_page:18 id
2021-06-30 110809 logger INFO base_page:19 com.csizg.security:id/ok
2021-06-30 110819 logger ERROR base_page:25 Message: An element could not be located on the page using the given search parameters.
Traceback (most recent call last):
  File "C:\Users\admin\PycharmProjects\workProject\newshield\base_page\base_page.py", line 21, in find
    ele = self.driver.find_element(by, locator)
  File "c:\users\admin\pycharmprojects\workproject\venv\lib\site-packages\appium\webdriver\webdriver.py", line 283, in find_element
    return self.execute(RemoteCommand.FIND_ELEMENT, {'using': by, 'value': value})['value']
  File "c:\users\admin\pycharmprojects\workproject\venv\lib\site-packages\selenium\webdriver\remote\webdriver.py", line 321, in execute
    self.error_handler.check_response(response)
  File "c:\users\admin\pycharmprojects\workproject\venv\lib\site-packages\appium\webdriver\errorhandler.py", line 31, in check_response
    raise wde
  File "c:\users\admin\pycharmprojects\workproject\venv\lib\site-packages\appium\webdriver\errorhandler.py", line 26, in check_response
    super().check_response(response)
  File "c:\users\admin\pycharmprojects\workproject\venv\lib\site-packages\selenium\webdriver\remote\errorhandler.py", line 242, in check_response
    raise exception_class(message, screen, stacktrace)
selenium.common.exceptions.NoSuchElementException: Message: An element could not be located on the page using the given search parameters.

2021-06-30 110819 logger ERROR base_page:34 'NoneType' object has no attribute 'click'
Traceback (most recent call last):
  File "C:\Users\admin\PycharmProjects\workProject\newshield\base_page\base_page.py", line 30, in find_and_click
    ele = self.find(by, locator).click()
AttributeError: 'NoneType' object has no attribute 'click'
2021-06-30 110819 logger INFO base_page:55 -----------finds------------
2021-06-30 110846 logger INFO base_page:28 ------------find_and_click-------------
2021-06-30 110846 logger INFO base_page:17 -------------find----------------
2021-06-30 110846 logger INFO base_page:18 id
2021-06-30 110846 logger INFO base_page:19 com.csizg.security:id/rb_main_friends
2021-06-30 110846 logger INFO base_page:28 ------------find_and_click-------------
2021-06-30 110846 logger INFO base_page:17 -------------find----------------
2021-06-30 110846 logger INFO base_page:18 id
2021-06-30 110846 logger INFO base_page:19 com.csizg.security:id/iv_my_friends
2021-06-30 110928 logger INFO base_page:28 ------------find_and_click-------------
2021-06-30 110928 logger INFO base_page:17 -------------find----------------
2021-06-30 110928 logger INFO base_page:18 xpath
2021-06-30 110928 logger INFO base_page:19 //*[@text= '设置备注']
2021-06-30 110939 logger ERROR base_page:25 Message: An element could not be located on the page using the given search parameters.
Traceback (most recent call last):
  File "C:\Users\admin\PycharmProjects\workProject\newshield\base_page\base_page.py", line 21, in find
    ele = self.driver.find_element(by, locator)
  File "c:\users\admin\pycharmprojects\workproject\venv\lib\site-packages\appium\webdriver\webdriver.py", line 283, in find_element
    return self.execute(RemoteCommand.FIND_ELEMENT, {'using': by, 'value': value})['value']
  File "c:\users\admin\pycharmprojects\workproject\venv\lib\site-packages\selenium\webdriver\remote\webdriver.py", line 321, in execute
    self.error_handler.check_response(response)
  File "c:\users\admin\pycharmprojects\workproject\venv\lib\site-packages\appium\webdriver\errorhandler.py", line 31, in check_response
    raise wde
  File "c:\users\admin\pycharmprojects\workproject\venv\lib\site-packages\appium\webdriver\errorhandler.py", line 26, in check_response
    super().check_response(response)
  File "c:\users\admin\pycharmprojects\workproject\venv\lib\site-packages\selenium\webdriver\remote\errorhandler.py", line 242, in check_response
    raise exception_class(message, screen, stacktrace)
selenium.common.exceptions.NoSuchElementException: Message: An element could not be located on the page using the given search parameters.

2021-06-30 110939 logger ERROR base_page:34 'NoneType' object has no attribute 'click'
Traceback (most recent call last):
  File "C:\Users\admin\PycharmProjects\workProject\newshield\base_page\base_page.py", line 30, in find_and_click
    ele = self.find(by, locator).click()
AttributeError: 'NoneType' object has no attribute 'click'
2021-06-30 110939 logger INFO base_page:28 ------------find_and_click-------------
2021-06-30 110939 logger INFO base_page:17 -------------find----------------
2021-06-30 110939 logger INFO base_page:18 id
2021-06-30 110939 logger INFO base_page:19 com.csizg.security:id/et_remark
2021-06-30 110950 logger ERROR base_page:25 Message: An element could not be located on the page using the given search parameters.
Traceback (most recent call last):
  File "C:\Users\admin\PycharmProjects\workProject\newshield\base_page\base_page.py", line 21, in find
    ele = self.driver.find_element(by, locator)
  File "c:\users\admin\pycharmprojects\workproject\venv\lib\site-packages\appium\webdriver\webdriver.py", line 283, in find_element
    return self.execute(RemoteCommand.FIND_ELEMENT, {'using': by, 'value': value})['value']
  File "c:\users\admin\pycharmprojects\workproject\venv\lib\site-packages\selenium\webdriver\remote\webdriver.py", line 321, in execute
    self.error_handler.check_response(response)
  File "c:\users\admin\pycharmprojects\workproject\venv\lib\site-packages\appium\webdriver\errorhandler.py", line 31, in check_response
    raise wde
  File "c:\users\admin\pycharmprojects\workproject\venv\lib\site-packages\appium\webdriver\errorhandler.py", line 26, in check_response
    super().check_response(response)
  File "c:\users\admin\pycharmprojects\workproject\venv\lib\site-packages\selenium\webdriver\remote\errorhandler.py", line 242, in check_response
    raise exception_class(message, screen, stacktrace)
selenium.common.exceptions.NoSuchElementException: Message: An element could not be located on the page using the given search parameters.

2021-06-30 110950 logger ERROR base_page:34 'NoneType' object has no attribute 'click'
Traceback (most recent call last):
  File "C:\Users\admin\PycharmProjects\workProject\newshield\base_page\base_page.py", line 30, in find_and_click
    ele = self.find(by, locator).click()
AttributeError: 'NoneType' object has no attribute 'click'
2021-06-30 110950 logger INFO base_page:46 -----------find_and_clear------------
2021-06-30 110950 logger INFO base_page:17 -------------find----------------
2021-06-30 110950 logger INFO base_page:18 id
2021-06-30 110950 logger INFO base_page:19 com.csizg.security:id/et_remark
2021-06-30 111000 logger ERROR base_page:25 Message: An element could not be located on the page using the given search parameters.
Traceback (most recent call last):
  File "C:\Users\admin\PycharmProjects\workProject\newshield\base_page\base_page.py", line 21, in find
    ele = self.driver.find_element(by, locator)
  File "c:\users\admin\pycharmprojects\workproject\venv\lib\site-packages\appium\webdriver\webdriver.py", line 283, in find_element
    return self.execute(RemoteCommand.FIND_ELEMENT, {'using': by, 'value': value})['value']
  File "c:\users\admin\pycharmprojects\workproject\venv\lib\site-packages\selenium\webdriver\remote\webdriver.py", line 321, in execute
    self.error_handler.check_response(response)
  File "c:\users\admin\pycharmprojects\workproject\venv\lib\site-packages\appium\webdriver\errorhandler.py", line 31, in check_response
    raise wde
  File "c:\users\admin\pycharmprojects\workproject\venv\lib\site-packages\appium\webdriver\errorhandler.py", line 26, in check_response
    super().check_response(response)
  File "c:\users\admin\pycharmprojects\workproject\venv\lib\site-packages\selenium\webdriver\remote\errorhandler.py", line 242, in check_response
    raise exception_class(message, screen, stacktrace)
selenium.common.exceptions.NoSuchElementException: Message: An element could not be located on the page using the given search parameters.

2021-06-30 111000 logger ERROR base_page:52 'NoneType' object has no attribute 'clear'
Traceback (most recent call last):
  File "C:\Users\admin\PycharmProjects\workProject\newshield\base_page\base_page.py", line 48, in find_and_clear
    ele = self.find(by, locator).clear()
AttributeError: 'NoneType' object has no attribute 'clear'
2021-06-30 111000 logger INFO base_page:37 -----------find_and_send_keys------------
2021-06-30 111000 logger INFO base_page:17 -------------find----------------
2021-06-30 111000 logger INFO base_page:18 id
2021-06-30 111000 logger INFO base_page:19 com.csizg.security:id/et_remark
2021-06-30 111011 logger ERROR base_page:25 Message: An element could not be located on the page using the given search parameters.
Traceback (most recent call last):
  File "C:\Users\admin\PycharmProjects\workProject\newshield\base_page\base_page.py", line 21, in find
    ele = self.driver.find_element(by, locator)
  File "c:\users\admin\pycharmprojects\workproject\venv\lib\site-packages\appium\webdriver\webdriver.py", line 283, in find_element
    return self.execute(RemoteCommand.FIND_ELEMENT, {'using': by, 'value': value})['value']
  File "c:\users\admin\pycharmprojects\workproject\venv\lib\site-packages\selenium\webdriver\remote\webdriver.py", line 321, in execute
    self.error_handler.check_response(response)
  File "c:\users\admin\pycharmprojects\workproject\venv\lib\site-packages\appium\webdriver\errorhandler.py", line 31, in check_response
    raise wde
  File "c:\users\admin\pycharmprojects\workproject\venv\lib\site-packages\appium\webdriver\errorhandler.py", line 26, in check_response
    super().check_response(response)
  File "c:\users\admin\pycharmprojects\workproject\venv\lib\site-packages\selenium\webdriver\remote\errorhandler.py", line 242, in check_response
    raise exception_class(message, screen, stacktrace)
selenium.common.exceptions.NoSuchElementException: Message: An element could not be located on the page using the given search parameters.

2021-06-30 111011 logger ERROR base_page:43 'NoneType' object has no attribute 'send_keys'
Traceback (most recent call last):
  File "C:\Users\admin\PycharmProjects\workProject\newshield\base_page\base_page.py", line 39, in find_and_send_keys
    ele = self.find(by, locator).send_keys(key)
AttributeError: 'NoneType' object has no attribute 'send_keys'
2021-06-30 111011 logger INFO base_page:28 ------------find_and_click-------------
2021-06-30 111011 logger INFO base_page:17 -------------find----------------
2021-06-30 111011 logger INFO base_page:18 id
2021-06-30 111011 logger INFO base_page:19 com.csizg.security:id/ok
2021-06-30 111021 logger ERROR base_page:25 Message: An element could not be located on the page using the given search parameters.
Traceback (most recent call last):
  File "C:\Users\admin\PycharmProjects\workProject\newshield\base_page\base_page.py", line 21, in find
    ele = self.driver.find_element(by, locator)
  File "c:\users\admin\pycharmprojects\workproject\venv\lib\site-packages\appium\webdriver\webdriver.py", line 283, in find_element
    return self.execute(RemoteCommand.FIND_ELEMENT, {'using': by, 'value': value})['value']
  File "c:\users\admin\pycharmprojects\workproject\venv\lib\site-packages\selenium\webdriver\remote\webdriver.py", line 321, in execute
    self.error_handler.check_response(response)
  File "c:\users\admin\pycharmprojects\workproject\venv\lib\site-packages\appium\webdriver\errorhandler.py", line 31, in check_response
    raise wde
  File "c:\users\admin\pycharmprojects\workproject\venv\lib\site-packages\appium\webdriver\errorhandler.py", line 26, in check_response
    super().check_response(response)
  File "c:\users\admin\pycharmprojects\workproject\venv\lib\site-packages\selenium\webdriver\remote\errorhandler.py", line 242, in check_response
    raise exception_class(message, screen, stacktrace)
selenium.common.exceptions.NoSuchElementException: Message: An element could not be located on the page using the given search parameters.

2021-06-30 111021 logger ERROR base_page:34 'NoneType' object has no attribute 'click'
Traceback (most recent call last):
  File "C:\Users\admin\PycharmProjects\workProject\newshield\base_page\base_page.py", line 30, in find_and_click
    ele = self.find(by, locator).click()
AttributeError: 'NoneType' object has no attribute 'click'
2021-06-30 111120 logger INFO base_page:28 ------------find_and_click-------------
2021-06-30 111120 logger INFO base_page:17 -------------find----------------
2021-06-30 111120 logger INFO base_page:18 id
2021-06-30 111120 logger INFO base_page:19 com.csizg.security:id/rb_main_friends
2021-06-30 111120 logger INFO base_page:28 ------------find_and_click-------------
2021-06-30 111120 logger INFO base_page:17 -------------find----------------
2021-06-30 111120 logger INFO base_page:18 id
2021-06-30 111120 logger INFO base_page:19 com.csizg.security:id/iv_my_friends
2021-06-30 111202 logger INFO base_page:28 ------------find_and_click-------------
2021-06-30 111202 logger INFO base_page:17 -------------find----------------
2021-06-30 111202 logger INFO base_page:18 xpath
2021-06-30 111202 logger INFO base_page:19 //*[@text= '删除好友']
2021-06-30 111212 logger ERROR base_page:25 Message: An element could not be located on the page using the given search parameters.
Traceback (most recent call last):
  File "C:\Users\admin\PycharmProjects\workProject\newshield\base_page\base_page.py", line 21, in find
    ele = self.driver.find_element(by, locator)
  File "c:\users\admin\pycharmprojects\workproject\venv\lib\site-packages\appium\webdriver\webdriver.py", line 283, in find_element
    return self.execute(RemoteCommand.FIND_ELEMENT, {'using': by, 'value': value})['value']
  File "c:\users\admin\pycharmprojects\workproject\venv\lib\site-packages\selenium\webdriver\remote\webdriver.py", line 321, in execute
    self.error_handler.check_response(response)
  File "c:\users\admin\pycharmprojects\workproject\venv\lib\site-packages\appium\webdriver\errorhandler.py", line 31, in check_response
    raise wde
  File "c:\users\admin\pycharmprojects\workproject\venv\lib\site-packages\appium\webdriver\errorhandler.py", line 26, in check_response
    super().check_response(response)
  File "c:\users\admin\pycharmprojects\workproject\venv\lib\site-packages\selenium\webdriver\remote\errorhandler.py", line 242, in check_response
    raise exception_class(message, screen, stacktrace)
selenium.common.exceptions.NoSuchElementException: Message: An element could not be located on the page using the given search parameters.

2021-06-30 111212 logger ERROR base_page:34 'NoneType' object has no attribute 'click'
Traceback (most recent call last):
  File "C:\Users\admin\PycharmProjects\workProject\newshield\base_page\base_page.py", line 30, in find_and_click
    ele = self.find(by, locator).click()
AttributeError: 'NoneType' object has no attribute 'click'
2021-06-30 111212 logger INFO base_page:28 ------------find_and_click-------------
2021-06-30 111212 logger INFO base_page:17 -------------find----------------
2021-06-30 111212 logger INFO base_page:18 id
2021-06-30 111212 logger INFO base_page:19 com.csizg.security:id/confim_update
2021-06-30 111223 logger ERROR base_page:25 Message: An element could not be located on the page using the given search parameters.
Traceback (most recent call last):
  File "C:\Users\admin\PycharmProjects\workProject\newshield\base_page\base_page.py", line 21, in find
    ele = self.driver.find_element(by, locator)
  File "c:\users\admin\pycharmprojects\workproject\venv\lib\site-packages\appium\webdriver\webdriver.py", line 283, in find_element
    return self.execute(RemoteCommand.FIND_ELEMENT, {'using': by, 'value': value})['value']
  File "c:\users\admin\pycharmprojects\workproject\venv\lib\site-packages\selenium\webdriver\remote\webdriver.py", line 321, in execute
    self.error_handler.check_response(response)
  File "c:\users\admin\pycharmprojects\workproject\venv\lib\site-packages\appium\webdriver\errorhandler.py", line 31, in check_response
    raise wde
  File "c:\users\admin\pycharmprojects\workproject\venv\lib\site-packages\appium\webdriver\errorhandler.py", line 26, in check_response
    super().check_response(response)
  File "c:\users\admin\pycharmprojects\workproject\venv\lib\site-packages\selenium\webdriver\remote\errorhandler.py", line 242, in check_response
    raise exception_class(message, screen, stacktrace)
selenium.common.exceptions.NoSuchElementException: Message: An element could not be located on the page using the given search parameters.

2021-06-30 111223 logger ERROR base_page:34 'NoneType' object has no attribute 'click'
Traceback (most recent call last):
  File "C:\Users\admin\PycharmProjects\workProject\newshield\base_page\base_page.py", line 30, in find_and_click
    ele = self.find(by, locator).click()
AttributeError: 'NoneType' object has no attribute 'click'
2021-06-30 111351 logger INFO base_page:28 ------------find_and_click-------------
2021-06-30 111351 logger INFO base_page:17 -------------find----------------
2021-06-30 111351 logger INFO base_page:18 id
2021-06-30 111351 logger INFO base_page:19 com.csizg.security:id/rb_main_friends
2021-06-30 111401 logger ERROR base_page:25 Message: An element could not be located on the page using the given search parameters.
Traceback (most recent call last):
  File "C:\Users\admin\PycharmProjects\workProject\newshield\base_page\base_page.py", line 21, in find
    ele = self.driver.find_element(by, locator)
  File "c:\users\admin\pycharmprojects\workproject\venv\lib\site-packages\appium\webdriver\webdriver.py", line 283, in find_element
    return self.execute(RemoteCommand.FIND_ELEMENT, {'using': by, 'value': value})['value']
  File "c:\users\admin\pycharmprojects\workproject\venv\lib\site-packages\selenium\webdriver\remote\webdriver.py", line 321, in execute
    self.error_handler.check_response(response)
  File "c:\users\admin\pycharmprojects\workproject\venv\lib\site-packages\appium\webdriver\errorhandler.py", line 31, in check_response
    raise wde
  File "c:\users\admin\pycharmprojects\workproject\venv\lib\site-packages\appium\webdriver\errorhandler.py", line 26, in check_response
    super().check_response(response)
  File "c:\users\admin\pycharmprojects\workproject\venv\lib\site-packages\selenium\webdriver\remote\errorhandler.py", line 242, in check_response
    raise exception_class(message, screen, stacktrace)
selenium.common.exceptions.NoSuchElementException: Message: An element could not be located on the page using the given search parameters.

2021-06-30 111401 logger ERROR base_page:34 'NoneType' object has no attribute 'click'
Traceback (most recent call last):
  File "C:\Users\admin\PycharmProjects\workProject\newshield\base_page\base_page.py", line 30, in find_and_click
    ele = self.find(by, locator).click()
AttributeError: 'NoneType' object has no attribute 'click'
2021-06-30 111401 logger INFO base_page:28 ------------find_and_click-------------
2021-06-30 111401 logger INFO base_page:17 -------------find----------------
2021-06-30 111401 logger INFO base_page:18 id
2021-06-30 111401 logger INFO base_page:19 com.csizg.security:id/iv_title_menu
2021-06-30 111411 logger ERROR base_page:25 Message: An element could not be located on the page using the given search parameters.
Traceback (most recent call last):
  File "C:\Users\admin\PycharmProjects\workProject\newshield\base_page\base_page.py", line 21, in find
    ele = self.driver.find_element(by, locator)
  File "c:\users\admin\pycharmprojects\workproject\venv\lib\site-packages\appium\webdriver\webdriver.py", line 283, in find_element
    return self.execute(RemoteCommand.FIND_ELEMENT, {'using': by, 'value': value})['value']
  File "c:\users\admin\pycharmprojects\workproject\venv\lib\site-packages\selenium\webdriver\remote\webdriver.py", line 321, in execute
    self.error_handler.check_response(response)
  File "c:\users\admin\pycharmprojects\workproject\venv\lib\site-packages\appium\webdriver\errorhandler.py", line 31, in check_response
    raise wde
  File "c:\users\admin\pycharmprojects\workproject\venv\lib\site-packages\appium\webdriver\errorhandler.py", line 26, in check_response
    super().check_response(response)
  File "c:\users\admin\pycharmprojects\workproject\venv\lib\site-packages\selenium\webdriver\remote\errorhandler.py", line 242, in check_response
    raise exception_class(message, screen, stacktrace)
selenium.common.exceptions.NoSuchElementException: Message: An element could not be located on the page using the given search parameters.

2021-06-30 111411 logger ERROR base_page:34 'NoneType' object has no attribute 'click'
Traceback (most recent call last):
  File "C:\Users\admin\PycharmProjects\workProject\newshield\base_page\base_page.py", line 30, in find_and_click
    ele = self.find(by, locator).click()
AttributeError: 'NoneType' object has no attribute 'click'
2021-06-30 111411 logger INFO base_page:28 ------------find_and_click-------------
2021-06-30 111411 logger INFO base_page:17 -------------find----------------
2021-06-30 111411 logger INFO base_page:18 xpath
2021-06-30 111411 logger INFO base_page:19 //*[@text= '添加好友']
2021-06-30 111421 logger ERROR base_page:25 Message: An element could not be located on the page using the given search parameters.
Traceback (most recent call last):
  File "C:\Users\admin\PycharmProjects\workProject\newshield\base_page\base_page.py", line 21, in find
    ele = self.driver.find_element(by, locator)
  File "c:\users\admin\pycharmprojects\workproject\venv\lib\site-packages\appium\webdriver\webdriver.py", line 283, in find_element
    return self.execute(RemoteCommand.FIND_ELEMENT, {'using': by, 'value': value})['value']
  File "c:\users\admin\pycharmprojects\workproject\venv\lib\site-packages\selenium\webdriver\remote\webdriver.py", line 321, in execute
    self.error_handler.check_response(response)
  File "c:\users\admin\pycharmprojects\workproject\venv\lib\site-packages\appium\webdriver\errorhandler.py", line 31, in check_response
    raise wde
  File "c:\users\admin\pycharmprojects\workproject\venv\lib\site-packages\appium\webdriver\errorhandler.py", line 26, in check_response
    super().check_response(response)
  File "c:\users\admin\pycharmprojects\workproject\venv\lib\site-packages\selenium\webdriver\remote\errorhandler.py", line 242, in check_response
    raise exception_class(message, screen, stacktrace)
selenium.common.exceptions.NoSuchElementException: Message: An element could not be located on the page using the given search parameters.

2021-06-30 111421 logger ERROR base_page:34 'NoneType' object has no attribute 'click'
Traceback (most recent call last):
  File "C:\Users\admin\PycharmProjects\workProject\newshield\base_page\base_page.py", line 30, in find_and_click
    ele = self.find(by, locator).click()
AttributeError: 'NoneType' object has no attribute 'click'
2021-06-30 111421 logger INFO base_page:28 ------------find_and_click-------------
2021-06-30 111421 logger INFO base_page:17 -------------find----------------
2021-06-30 111421 logger INFO base_page:18 id
2021-06-30 111421 logger INFO base_page:19 com.csizg.security:id/add_friend_from_phone
2021-06-30 111431 logger ERROR base_page:25 Message: An element could not be located on the page using the given search parameters.
Traceback (most recent call last):
  File "C:\Users\admin\PycharmProjects\workProject\newshield\base_page\base_page.py", line 21, in find
    ele = self.driver.find_element(by, locator)
  File "c:\users\admin\pycharmprojects\workproject\venv\lib\site-packages\appium\webdriver\webdriver.py", line 283, in find_element
    return self.execute(RemoteCommand.FIND_ELEMENT, {'using': by, 'value': value})['value']
  File "c:\users\admin\pycharmprojects\workproject\venv\lib\site-packages\selenium\webdriver\remote\webdriver.py", line 321, in execute
    self.error_handler.check_response(response)
  File "c:\users\admin\pycharmprojects\workproject\venv\lib\site-packages\appium\webdriver\errorhandler.py", line 31, in check_response
    raise wde
  File "c:\users\admin\pycharmprojects\workproject\venv\lib\site-packages\appium\webdriver\errorhandler.py", line 26, in check_response
    super().check_response(response)
  File "c:\users\admin\pycharmprojects\workproject\venv\lib\site-packages\selenium\webdriver\remote\errorhandler.py", line 242, in check_response
    raise exception_class(message, screen, stacktrace)
selenium.common.exceptions.NoSuchElementException: Message: An element could not be located on the page using the given search parameters.

2021-06-30 111431 logger ERROR base_page:34 'NoneType' object has no attribute 'click'
Traceback (most recent call last):
  File "C:\Users\admin\PycharmProjects\workProject\newshield\base_page\base_page.py", line 30, in find_and_click
    ele = self.find(by, locator).click()
AttributeError: 'NoneType' object has no attribute 'click'
2021-06-30 111431 logger INFO base_page:28 ------------find_and_click-------------
2021-06-30 111431 logger INFO base_page:17 -------------find----------------
2021-06-30 111431 logger INFO base_page:18 id
2021-06-30 111431 logger INFO base_page:19 com.csizg.security:id/et_user_phone
2021-06-30 111442 logger INFO base_page:37 -----------find_and_send_keys------------
2021-06-30 111442 logger INFO base_page:17 -------------find----------------
2021-06-30 111442 logger INFO base_page:18 id
2021-06-30 111442 logger INFO base_page:19 com.csizg.security:id/et_user_phone
2021-06-30 111443 logger INFO base_page:28 ------------find_and_click-------------
2021-06-30 111443 logger INFO base_page:17 -------------find----------------
2021-06-30 111443 logger INFO base_page:18 id
2021-06-30 111443 logger INFO base_page:19 com.csizg.security:id/add_number_search
2021-06-30 111455 logger ERROR base_page:25 Message: An element could not be located on the page using the given search parameters.
Traceback (most recent call last):
  File "C:\Users\admin\PycharmProjects\workProject\newshield\base_page\base_page.py", line 21, in find
    ele = self.driver.find_element(by, locator)
  File "c:\users\admin\pycharmprojects\workproject\venv\lib\site-packages\appium\webdriver\webdriver.py", line 283, in find_element
    return self.execute(RemoteCommand.FIND_ELEMENT, {'using': by, 'value': value})['value']
  File "c:\users\admin\pycharmprojects\workproject\venv\lib\site-packages\selenium\webdriver\remote\webdriver.py", line 321, in execute
    self.error_handler.check_response(response)
  File "c:\users\admin\pycharmprojects\workproject\venv\lib\site-packages\appium\webdriver\errorhandler.py", line 31, in check_response
    raise wde
  File "c:\users\admin\pycharmprojects\workproject\venv\lib\site-packages\appium\webdriver\errorhandler.py", line 26, in check_response
    super().check_response(response)
  File "c:\users\admin\pycharmprojects\workproject\venv\lib\site-packages\selenium\webdriver\remote\errorhandler.py", line 242, in check_response
    raise exception_class(message, screen, stacktrace)
selenium.common.exceptions.NoSuchElementException: Message: An element could not be located on the page using the given search parameters.

2021-06-30 111455 logger ERROR base_page:34 'NoneType' object has no attribute 'click'
Traceback (most recent call last):
  File "C:\Users\admin\PycharmProjects\workProject\newshield\base_page\base_page.py", line 30, in find_and_click
    ele = self.find(by, locator).click()
AttributeError: 'NoneType' object has no attribute 'click'
2021-06-30 111455 logger INFO base_page:28 ------------find_and_click-------------
2021-06-30 111455 logger INFO base_page:17 -------------find----------------
2021-06-30 111455 logger INFO base_page:18 xpath
2021-06-30 111455 logger INFO base_page:19 //*[@text='添加']
2021-06-30 111506 logger ERROR base_page:25 Message: An element could not be located on the page using the given search parameters.
Traceback (most recent call last):
  File "C:\Users\admin\PycharmProjects\workProject\newshield\base_page\base_page.py", line 21, in find
    ele = self.driver.find_element(by, locator)
  File "c:\users\admin\pycharmprojects\workproject\venv\lib\site-packages\appium\webdriver\webdriver.py", line 283, in find_element
    return self.execute(RemoteCommand.FIND_ELEMENT, {'using': by, 'value': value})['value']
  File "c:\users\admin\pycharmprojects\workproject\venv\lib\site-packages\selenium\webdriver\remote\webdriver.py", line 321, in execute
    self.error_handler.check_response(response)
  File "c:\users\admin\pycharmprojects\workproject\venv\lib\site-packages\appium\webdriver\errorhandler.py", line 31, in check_response
    raise wde
  File "c:\users\admin\pycharmprojects\workproject\venv\lib\site-packages\appium\webdriver\errorhandler.py", line 26, in check_response
    super().check_response(response)
  File "c:\users\admin\pycharmprojects\workproject\venv\lib\site-packages\selenium\webdriver\remote\errorhandler.py", line 242, in check_response
    raise exception_class(message, screen, stacktrace)
selenium.common.exceptions.NoSuchElementException: Message: An element could not be located on the page using the given search parameters.

2021-06-30 111506 logger ERROR base_page:34 'NoneType' object has no attribute 'click'
Traceback (most recent call last):
  File "C:\Users\admin\PycharmProjects\workProject\newshield\base_page\base_page.py", line 30, in find_and_click
    ele = self.find(by, locator).click()
AttributeError: 'NoneType' object has no attribute 'click'
